{
  "RSpec": {
    "coverage": {
      "/home/poignant-domain-7588/tic-tac-toe-rb-online-web-sp-000/lib/tic_tac_toe.rb": [
        null,
        1,
        null,
        null,
        null,
        null,
        null,
        null,
        null,
        null,
        null,
        1,
        5,
        5,
        5,
        5,
        5,
        null,
        null,
        1,
        18,
        18,
        null,
        null,
        1,
        17,
        null,
        null,
        1,
        20,
        null,
        null,
        1,
        18,
        15,
        null,
        3,
        null,
        null,
        null,
        1,
        15,
        15,
        15,
        14,
        null,
        1,
        1,
        null,
        null,
        null,
        1,
        2,
        20,
        2,
        null,
        null,
        1,
        1,
        null,
        null,
        1,
        55,
        288,
        288,
        288,
        null,
        288,
        288,
        288,
        null,
        288,
        20,
        268,
        6,
        null,
        null,
        29,
        null,
        null,
        1,
        130,
        88,
        null,
        null,
        null,
        null,
        1,
        15,
        4,
        null,
        null,
        null,
        1,
        17,
        10,
        null,
        null,
        null,
        1,
        14,
        14,
        null,
        13,
        9,
        4,
        4,
        null,
        null,
        null,
        1,
        12,
        13,
        null,
        12,
        6,
        6,
        6,
        3,
        null,
        null
      ]
    },
    "timestamp": 1621275913
  }
}
